<?xml version="1.0" encoding="UTF-8"?>
<!-- Generated by org.testng.reporters.JUnitXMLReporter -->
<testsuite hostname="LAPTOP-068DGR6T" name="Tc_login_module" tests="3" failures="1" timestamp="7 Sep 2019 18:15:19 GMT" time="15.503" errors="0">
  <testcase name="titlecheck" time="0.028" classname="login_module.loginclass">
    <failure type="java.lang.AssertionError" message="expected [Online Shopping site in India: Shop Online for Mobiles, Books, Watches, Shoes and More - Amazon.in] but found []">
      <![CDATA[java.lang.AssertionError: expected [Online Shopping site in India: Shop Online for Mobiles, Books, Watches, Shoes and More - Amazon.in] but found []
	at login_module.loginclass.titlecheck(loginclass.java:31)
... Removed 29 stack frames]]>
    </failure>
  </testcase> <!-- titlecheck -->
  <testcase name="loginmethod" time="15.452" classname="login_module.loginclass"/>
  <testcase name="nxtmtd" time="0.0" classname="login_module.loginclass">
    <skipped/>
  </testcase> <!-- nxtmtd -->
</testsuite> <!-- Tc_login_module -->
